2015-07-09 05:51:42,info,ConnectToService,Using existing URL: https://outlook.office365.com/EWS/Exchange.asmx
2015-07-09 05:51:42,info,Authenticate,Attempting to connect to EWS...
2015-07-09 05:51:47,info,Authenticate,ServiceResponseException - credentials validated
2015-07-09 06:04:25,info,ConnectToService,Using existing URL: https://outlook.office365.com/EWS/Exchange.asmx
2015-07-09 06:04:25,info,Authenticate,Attempting to connect to EWS...
2015-07-09 06:04:28,info,Authenticate,ServiceResponseException - credentials validated
2015-07-09 06:05:46,info,ConnectToService,Using existing URL: https://outlook.office365.com/EWS/Exchange.asmx
2015-07-09 06:05:46,info,Authenticate,Attempting to connect to EWS...
2015-07-09 06:05:49,info,Authenticate,ServiceResponseException - credentials validated
2015-07-09 06:06:52,info,ConnectToService,Using existing URL: https://outlook.office365.com/EWS/Exchange.asmx
2015-07-09 06:06:52,info,Authenticate,Attempting to connect to EWS...
2015-07-09 06:06:56,info,Authenticate,ServiceResponseException - credentials validated
2015-07-09 06:07:30,info,ConnectToService,Using existing URL: https://outlook.office365.com/EWS/Exchange.asmx
2015-07-09 06:07:30,info,Authenticate,Attempting to connect to EWS...
2015-07-09 06:07:33,info,Authenticate,ServiceResponseException - credentials validated
2015-07-09 06:08:26,info,ConnectToService,Using existing URL: https://outlook.office365.com/EWS/Exchange.asmx
2015-07-09 06:08:26,info,Authenticate,Attempting to connect to EWS...
2015-07-09 06:08:32,info,Authenticate,ServiceResponseException - credentials validated
2015-07-09 06:11:45,info,ConnectToService,Using existing URL: https://outlook.office365.com/EWS/Exchange.asmx
2015-07-09 06:11:45,info,Authenticate,Attempting to connect to EWS...
2015-07-09 06:11:45,info,Authenticate,ServiceResponseException - credentials validated
2015-07-09 06:12:07,info,ConnectToService,Using existing URL: https://outlook.office365.com/EWS/Exchange.asmx
2015-07-09 06:12:07,info,Authenticate,Attempting to connect to EWS...
2015-07-09 06:12:08,info,Authenticate,ServiceResponseException - credentials validated
2015-07-09 06:13:28,info,ConnectToService,Using existing URL: https://outlook.office365.com/EWS/Exchange.asmx
2015-07-09 06:13:28,info,Authenticate,Attempting to connect to EWS...
2015-07-09 06:13:29,info,Authenticate,ServiceResponseException - credentials validated
2015-07-09 06:18:38,info,ConnectToService,Using existing URL: https://outlook.office365.com/EWS/Exchange.asmx
2015-07-09 06:18:38,info,Authenticate,Attempting to connect to EWS...
2015-07-09 06:18:40,info,Authenticate,ServiceResponseException - credentials validated
2015-07-09 09:18:27,info,ConnectToService,Using existing URL: https://outlook.office365.com/EWS/Exchange.asmx
2015-07-09 09:18:27,info,Authenticate,Attempting to connect to EWS...
2015-07-09 09:18:31,info,Authenticate,ServiceResponseException - credentials validated
2015-07-09 09:19:03,info,ConnectToService,Using existing URL: https://outlook.office365.com/EWS/Exchange.asmx
2015-07-09 09:19:03,info,Authenticate,Attempting to connect to EWS...
2015-07-09 09:19:06,info,Authenticate,ServiceResponseException - credentials validated
2015-07-09 09:20:38,info,ConnectToService,Using existing URL: https://outlook.office365.com/EWS/Exchange.asmx
2015-07-09 09:20:38,info,Authenticate,Attempting to connect to EWS...
2015-07-09 09:20:42,info,Authenticate,ServiceResponseException - credentials validated
2015-07-09 09:21:36,info,ConnectToService,Using existing URL: https://outlook.office365.com/EWS/Exchange.asmx
2015-07-09 09:21:36,info,Authenticate,Attempting to connect to EWS...
2015-07-09 09:21:39,info,Authenticate,ServiceResponseException - credentials validated
2015-07-09 09:28:38,info,ConnectToService,Using existing URL: https://outlook.office365.com/EWS/Exchange.asmx
2015-07-09 09:28:38,info,Authenticate,Attempting to connect to EWS...
2015-07-09 09:28:41,info,Authenticate,ServiceResponseException - credentials validated
2015-07-09 19:47:53,info,ConnectToService,Using Autodiscover to find EWS URL for evanba@microsoft.com. Please wait... 
2015-07-09 19:48:40,info,ConnectToService,Found the URL: https://outlook.office365.com/EWS/Exchange.asmx
2015-07-09 19:48:40,info,ConnectToService,Autodiscover Complete
2015-07-09 19:50:44,info,ConnectToService,Using Autodiscover to find EWS URL for evanba@microsoft.com. Please wait... 
2015-07-09 19:51:32,info,ConnectToService,Found the URL: https://outlook.office365.com/EWS/Exchange.asmx
2015-07-09 19:51:32,info,ConnectToService,Autodiscover Complete
2015-07-09 19:52:25,info,ConnectToService,Using Autodiscover to find EWS URL for evanba@microsoft.com. Please wait... 
2015-07-09 19:53:08,info,ConnectToService,Found the URL: https://outlook.office365.com/EWS/Exchange.asmx
2015-07-09 19:53:08,info,ConnectToService,Autodiscover Complete
2015-09-11 20:03:46,info,ConnectToService,Using Autodiscover to find EWS URL for evanba@microsoft.com. Please wait... 
2015-09-11 20:04:54,info,ConnectToService,Using Autodiscover to find EWS URL for evanba@microsoft.com. Please wait... 
2015-09-11 20:23:28,info,ConnectToService,Using Autodiscover to find EWS URL for evanba@microsoft.com. Please wait... 
2015-09-11 20:24:05,info,ConnectToService,Using Autodiscover to find EWS URL for evanba@microsoft.com. Please wait... 
2015-09-11 20:27:22,info,ConnectToService,Using Autodiscover to find EWS URL for evanba@microsoft.com. Please wait... 
2015-09-11 20:27:58,info,ConnectToService,Found the URL: https://outlook.office365.com/EWS/Exchange.asmx
2015-09-11 20:27:58,info,ConnectToService,Autodiscover Complete
2015-09-11 20:28:05,info,Authenticate,Attempting to connect to EWS...
2015-09-11 20:28:08,info,Authenticate,ServiceResponseException - credentials validated
2015-09-11 20:32:16,info,ConnectToService,Using Autodiscover to find EWS URL for evanba@microsoft.com. Please wait... 
2015-09-11 20:32:56,info,ConnectToService,Found the URL: https://outlook.office365.com/EWS/Exchange.asmx
2015-09-11 20:32:56,info,ConnectToService,Autodiscover Complete
2015-09-11 20:32:56,info,Authenticate,Attempting to connect to EWS...
2015-09-11 20:32:57,info,Authenticate,ServiceResponseException - credentials validated
2015-09-11 20:35:15,info,ConnectToService,Using Autodiscover to find EWS URL for evanba@microsoft.com. Please wait... 
2015-09-11 20:36:05,info,ConnectToService,Found the URL: https://outlook.office365.com/EWS/Exchange.asmx
2015-09-11 20:36:05,info,ConnectToService,Autodiscover Complete
2015-09-11 20:36:05,info,Authenticate,Attempting to connect to EWS...
2015-09-11 20:36:07,info,Authenticate,ServiceResponseException - credentials validated
2015-09-11 20:37:31,info,ConnectToService,Using existing URL: https://outlook.office365.com/EWS/Exchange.asmx
2015-09-11 20:37:31,info,Authenticate,Attempting to connect to EWS...
2015-09-11 20:37:32,info,Authenticate,ServiceResponseException - credentials validated
2015-09-11 20:37:51,info,ConnectToService,Using existing URL: https://outlook.office365.com/EWS/Exchange.asmx
2015-09-11 20:37:51,info,Authenticate,Attempting to connect to EWS...
2015-09-11 20:37:53,info,Authenticate,ServiceResponseException - credentials validated
2015-09-11 20:52:21,info,ConnectToService,Using Autodiscover to find EWS URL for evanba@microsoft.com. Please wait... 
2015-09-11 20:53:02,info,ConnectToService,Found the URL: https://outlook.office365.com/EWS/Exchange.asmx
2015-09-11 20:53:02,info,ConnectToService,Autodiscover Complete
2015-09-11 20:53:02,info,Authenticate,Attempting to connect to EWS...
2015-09-11 20:53:04,info,Authenticate,ServiceResponseException - credentials validated
2015-09-11 20:54:37,info,ConnectToService,Using existing URL: https://outlook.office365.com/EWS/Exchange.asmx
2015-09-11 20:54:37,info,Authenticate,Attempting to connect to EWS...
2015-09-11 20:54:38,info,Authenticate,ServiceResponseException - credentials validated
2015-09-11 20:55:06,info,ConnectToService,Using existing URL: https://outlook.office365.com/EWS/Exchange.asmx
2015-09-11 20:55:06,info,Authenticate,Attempting to connect to EWS...
2015-09-11 20:55:08,info,Authenticate,ServiceResponseException - credentials validated
2015-09-11 20:55:34,info,ConnectToService,Using Autodiscover to find EWS URL for evanba@microsoft.com. Please wait... 
2015-09-11 20:56:08,info,ConnectToService,Found the URL: https://outlook.office365.com/EWS/Exchange.asmx
2015-09-11 20:56:08,info,ConnectToService,Autodiscover Complete
2015-09-11 20:56:08,info,Authenticate,Attempting to connect to EWS...
2015-09-11 20:56:09,info,Authenticate,ServiceResponseException - credentials validated
2015-09-11 20:58:31,info,ConnectToService,Using Autodiscover to find EWS URL for evanba@microsoft.com. Please wait... 
2015-09-11 20:59:09,info,ConnectToService,Found the URL: https://outlook.office365.com/EWS/Exchange.asmx
2015-09-11 20:59:09,info,ConnectToService,Autodiscover Complete
2015-09-11 20:59:09,info,Authenticate,Attempting to connect to EWS...
2015-09-11 20:59:10,info,Authenticate,ServiceResponseException - credentials validated
2015-09-11 21:03:48,info,ConnectToService,Using Autodiscover to find EWS URL for evanba@microsoft.com. Please wait... 
2015-09-11 21:04:23,info,ConnectToService,Found the URL: https://outlook.office365.com/EWS/Exchange.asmx
2015-09-11 21:04:23,info,ConnectToService,Autodiscover Complete
2015-09-11 21:04:23,info,Authenticate,Attempting to connect to EWS...
2015-09-11 21:04:24,info,Authenticate,ServiceResponseException - credentials validated
2015-09-11 21:05:18,info,ConnectToService,Using existing URL: https://outlook.office365.com/EWS/Exchange.asmx
2015-09-11 21:05:18,info,Authenticate,Attempting to connect to EWS...
2015-09-11 21:05:20,info,Authenticate,ServiceResponseException - credentials validated
2015-09-11 21:05:57,info,ConnectToService,Using Autodiscover to find EWS URL for evanba@microsoft.com. Please wait... 
2015-09-11 21:06:32,info,ConnectToService,Found the URL: https://outlook.office365.com/EWS/Exchange.asmx
2015-09-11 21:06:32,info,ConnectToService,Autodiscover Complete
2015-09-11 21:06:32,info,Authenticate,Attempting to connect to EWS...
2015-09-11 21:06:34,info,Authenticate,ServiceResponseException - credentials validated
2015-09-11 21:10:58,info,ConnectToService,Using Autodiscover to find EWS URL for evanba@microsoft.com. Please wait... 
2015-09-11 21:11:33,info,ConnectToService,Found the URL: https://outlook.office365.com/EWS/Exchange.asmx
2015-09-11 21:11:33,info,ConnectToService,Autodiscover Complete
2015-09-11 21:11:33,info,Authenticate,Attempting to connect to EWS...
2015-09-11 21:11:34,info,Authenticate,ServiceResponseException - credentials validated
2015-09-11 21:12:37,info,ConnectToService,Using existing URL: https://outlook.office365.com/EWS/Exchange.asmx
2015-09-11 21:12:37,info,Authenticate,Attempting to connect to EWS...
2015-09-11 21:12:39,info,Authenticate,ServiceResponseException - credentials validated
2015-09-11 21:13:14,info,ConnectToService,Using Autodiscover to find EWS URL for evanba@microsoft.com. Please wait... 
2015-09-11 21:13:52,info,ConnectToService,Found the URL: https://outlook.office365.com/EWS/Exchange.asmx
2015-09-11 21:13:52,info,ConnectToService,Autodiscover Complete
2015-09-11 21:13:52,info,Authenticate,Attempting to connect to EWS...
2015-09-11 21:13:54,info,Authenticate,ServiceResponseException - credentials validated
2015-09-11 21:19:42,info,ConnectToService,Using Autodiscover to find EWS URL for evanba@microsoft.com. Please wait... 
2015-09-11 21:20:11,info,ConnectToService,Found the URL: https://outlook.office365.com/EWS/Exchange.asmx
2015-09-11 21:20:11,info,ConnectToService,Autodiscover Complete
2015-09-11 21:20:11,info,Authenticate,Attempting to connect to EWS...
2015-09-11 21:20:13,info,Authenticate,ServiceResponseException - credentials validated
2015-09-11 21:23:30,info,ConnectToService,Using Autodiscover to find EWS URL for evanba@microsoft.com. Please wait... 
2015-09-11 21:23:58,info,ConnectToService,Found the URL: https://outlook.office365.com/EWS/Exchange.asmx
2015-09-11 21:23:58,info,ConnectToService,Autodiscover Complete
2015-09-11 21:23:58,info,Authenticate,Attempting to connect to EWS...
2015-09-11 21:23:59,info,Authenticate,ServiceResponseException - credentials validated
2015-09-11 21:29:01,info,ConnectToService,Using Autodiscover to find EWS URL for evanba@microsoft.com. Please wait... 
2015-09-11 21:29:30,info,ConnectToService,Found the URL: https://outlook.office365.com/EWS/Exchange.asmx
2015-09-11 21:29:30,info,ConnectToService,Autodiscover Complete
2015-09-11 21:29:30,info,Authenticate,Attempting to connect to EWS...
2015-09-11 21:29:31,info,Authenticate,ServiceResponseException - credentials validated
2015-09-12 04:58:36,info,ConnectToService,Using Autodiscover to find EWS URL for evanba@microsoft.com. Please wait... 
2015-09-12 05:01:38,info,ConnectToService,Using Autodiscover to find EWS URL for evanba@microsoft.com. Please wait... 
2015-09-12 05:04:30,info,ConnectToService,Using Autodiscover to find EWS URL for evanba@microsoft.com. Please wait... 
2015-09-12 05:07:44,info,ConnectToService,Using Autodiscover to find EWS URL for evanba@microsoft.com. Please wait... 
2015-09-12 05:08:33,info,ConnectToService,Using Autodiscover to find EWS URL for evanba@microsoft.com. Please wait... 
2015-09-12 05:31:01,info,ConnectToService,Using Autodiscover to find EWS URL for evanba@microsoft.com. Please wait... 
2015-09-12 05:31:48,info,ConnectToService,Using Autodiscover to find EWS URL for evanba@microsoft.com. Please wait... 
2015-09-12 05:33:21,info,ConnectToService,Found the URL: https://outlook.office365.com/EWS/Exchange.asmx
2015-09-12 05:33:21,info,ConnectToService,Autodiscover Complete
2015-09-12 05:33:21,info,Authenticate,Attempting to connect to EWS...
2015-09-12 05:33:22,info,Authenticate,ServiceResponseException - credentials validated
2015-09-12 05:49:10,info,ConnectToService,Using Autodiscover to find EWS URL for evanba@microsoft.com. Please wait... 
2015-09-12 05:51:50,info,ConnectToService,Using Autodiscover to find EWS URL for evanba@microsoft.com. Please wait... 
2015-10-10 04:59:19,info,ConnectToService,Using Autodiscover to find EWS URL for evanba@microsoft.com. Please wait... 
2015-10-10 05:18:02,info,ConnectToService,Using Autodiscover to find EWS URL for evanba@microsoft.com. Please wait... 
2015-10-10 05:18:40,info,ConnectToService,Using Autodiscover to find EWS URL for evanba@microsoft.com. Please wait... 
2015-10-10 05:29:15,info,ConnectToService,Using Autodiscover to find EWS URL for evanba@microsoft.com. Please wait... 
2015-10-10 05:30:05,info,ConnectToService,Using Autodiscover to find EWS URL for evanba@microsoft.com. Please wait... 
2015-10-10 05:30:28,info,ConnectToService,Using Autodiscover to find EWS URL for evanba@microsoft.com. Please wait... 
2015-10-10 05:32:28,info,ConnectToService,Using Autodiscover to find EWS URL for evanba@microsoft.com. Please wait... 
2015-10-10 05:33:39,info,ConnectToService,Using Autodiscover to find EWS URL for evanba@microsoft.com. Please wait... 
2015-10-10 05:34:31,info,ConnectToService,Using Autodiscover to find EWS URL for evanba@microsoft.com. Please wait... 
2015-10-10 05:35:54,info,ConnectToService,Using Autodiscover to find EWS URL for evanba@microsoft.com. Please wait... 
2015-10-10 05:36:17,info,ConnectToService,Using Autodiscover to find EWS URL for evanba@microsoft.com. Please wait... 
2015-10-10 05:36:50,info,ConnectToService,Found the URL: https://outlook.office365.com/EWS/Exchange.asmx
2015-10-10 05:36:50,info,ConnectToService,Autodiscover Complete
2015-10-10 05:36:50,info,Authenticate,Attempting to connect to EWS...
2015-10-10 05:38:14,info,ConnectToService,Using Autodiscover to find EWS URL for evanba@microsoft.com. Please wait... 
2015-10-10 05:42:13,info,ConnectToService,Using Autodiscover to find EWS URL for evanba@microsoft.com. Please wait... 
2016-01-07 20:22:55,info,ConnectToService,Using Autodiscover to find EWS URL for evanba@microsoft.com. Please wait... 
2016-01-07 20:43:46,info,ConnectToService,Using Autodiscover to find EWS URL for evanba@microsoft.com. Please wait... 
2016-01-07 20:54:54,info,ConnectToService,Using Autodiscover to find EWS URL for evanba@microsoft.com. Please wait... 
2016-01-07 20:56:09,error,ConnectToService,The Autodiscover service couldn't be located.
2016-01-07 20:58:58,info,ConnectToService,Using Autodiscover to find EWS URL for evanba@microsoft.com. Please wait... 
2016-01-07 21:00:24,info,ConnectToService,Found the URL: https://outlook.office365.com/EWS/Exchange.asmx
2016-01-07 21:00:24,info,ConnectToService,Autodiscover Complete
2016-01-07 21:00:24,info,Authenticate,Attempting to connect to EWS...
2016-01-07 21:00:30,info,Authenticate,ServiceResponseException - credentials validated
2016-01-07 21:10:16,info,ConnectToService,Using Autodiscover to find EWS URL for evanba@microsoft.com. Please wait... 
2016-01-07 21:11:33,info,ConnectToService,Using Autodiscover to find EWS URL for evanba@microsoft.com. Please wait... 
2016-01-07 21:12:36,info,ConnectToService,Found the URL: https://outlook.office365.com/EWS/Exchange.asmx
2016-01-07 21:12:36,info,ConnectToService,Autodiscover Complete
2016-01-07 21:12:36,info,Authenticate,Attempting to connect to EWS...
2016-01-07 21:12:38,info,Authenticate,ServiceResponseException - credentials validated
2016-01-07 21:16:18,info,ConnectToService,Using Autodiscover to find EWS URL for evanba@microsoft.com. Please wait... 
2016-01-07 21:17:22,info,ConnectToService,Found the URL: https://outlook.office365.com/EWS/Exchange.asmx
2016-01-07 21:17:22,info,ConnectToService,Autodiscover Complete
2016-01-07 21:17:22,info,Authenticate,Attempting to connect to EWS...
2016-01-07 21:17:24,info,Authenticate,ServiceResponseException - credentials validated
2016-01-07 21:23:48,info,ConnectToService,Using Autodiscover to find EWS URL for evanba@microsoft.com. Please wait... 
2016-01-07 21:25:08,info,ConnectToService,Found the URL: https://outlook.office365.com/EWS/Exchange.asmx
2016-01-07 21:25:08,info,ConnectToService,Autodiscover Complete
2016-01-07 21:25:08,info,Authenticate,Attempting to connect to EWS...
2016-01-07 21:25:10,info,Authenticate,ServiceResponseException - credentials validated
2016-01-07 21:30:21,info,ConnectToService,Using Autodiscover to find EWS URL for evanba@microsoft.com. Please wait... 
2016-01-07 21:31:34,info,ConnectToService,Using Autodiscover to find EWS URL for evanba@microsoft.com. Please wait... 
2016-01-07 21:32:59,info,ConnectToService,Found the URL: https://outlook.office365.com/EWS/Exchange.asmx
2016-01-07 21:32:59,info,ConnectToService,Autodiscover Complete
2016-01-07 21:32:59,info,Authenticate,Attempting to connect to EWS...
2016-01-07 21:37:11,info,ConnectToService,Using Autodiscover to find EWS URL for evanba@microsoft.com. Please wait... 
2016-01-07 21:39:10,info,ConnectToService,Using Autodiscover to find EWS URL for evanba@microsoft.com. Please wait... 
2016-01-07 21:40:48,info,ConnectToService,Found the URL: https://outlook.office365.com/EWS/Exchange.asmx
2016-01-07 21:40:48,info,ConnectToService,Autodiscover Complete
2016-01-07 21:40:48,info,Authenticate,Attempting to connect to EWS...
2016-01-07 21:40:59,info,Authenticate,ServiceResponseException - credentials validated
2016-01-07 21:42:40,info,ConnectToService,Using Autodiscover to find EWS URL for evanba@microsoft.com. Please wait... 
2016-01-07 21:43:42,info,ConnectToService,Found the URL: https://outlook.office365.com/EWS/Exchange.asmx
2016-01-07 21:43:42,info,ConnectToService,Autodiscover Complete
2016-01-07 21:43:42,info,Authenticate,Attempting to connect to EWS...
2016-01-07 21:43:45,info,Authenticate,ServiceResponseException - credentials validated
2016-01-07 21:48:12,info,ConnectToService,Using Autodiscover to find EWS URL for evanba@microsoft.com. Please wait... 
2016-01-07 21:49:07,info,ConnectToService,Using Autodiscover to find EWS URL for evanba@microsoft.com. Please wait... 
2016-01-07 21:52:07,info,ConnectToService,Using Autodiscover to find EWS URL for evanba@microsoft.com. Please wait... 
2016-01-07 21:55:34,info,ConnectToService,Using Autodiscover to find EWS URL for evanba@microsoft.com. Please wait... 
2016-01-07 22:02:49,info,ConnectToService,Using Autodiscover to find EWS URL for evanba@microsoft.com. Please wait... 
2016-01-07 22:05:23,info,ConnectToService,Using Autodiscover to find EWS URL for evanba@microsoft.com. Please wait... 
2016-01-07 22:06:13,info,ConnectToService,Using Autodiscover to find EWS URL for evanba@microsoft.com. Please wait... 
2016-01-07 22:06:38,info,ConnectToService,Using Autodiscover to find EWS URL for evanba@microsoft.com. Please wait... 
2016-01-07 22:09:34,info,ConnectToService,Using Autodiscover to find EWS URL for evanba@microsoft.com. Please wait... 
2016-01-07 22:10:28,info,ConnectToService,Using Autodiscover to find EWS URL for evanba@microsoft.com. Please wait... 
2016-01-07 22:11:43,info,ConnectToService,Found the URL: https://outlook.office365.com/EWS/Exchange.asmx
2016-01-07 22:11:43,info,ConnectToService,Autodiscover Complete
2016-01-07 22:11:43,info,Authenticate,Attempting to connect to EWS...
2016-01-07 22:11:49,info,Authenticate,ServiceResponseException - credentials validated
2016-01-07 22:12:29,info,ConnectToService,Using Autodiscover to find EWS URL for evanba@microsoft.com. Please wait... 
2016-01-07 22:13:46,info,ConnectToService,Using Autodiscover to find EWS URL for evanba@microsoft.com. Please wait... 
2016-01-07 22:15:33,info,ConnectToService,Using Autodiscover to find EWS URL for evanba@microsoft.com. Please wait... 
2016-01-07 22:16:39,info,ConnectToService,Using Autodiscover to find EWS URL for evanba@microsoft.com. Please wait... 
2016-01-07 22:18:51,info,ConnectToService,Using Autodiscover to find EWS URL for evanba@microsoft.com. Please wait... 
2016-01-07 22:21:35,info,ConnectToService,Found the URL: https://outlook.office365.com/EWS/Exchange.asmx
2016-01-07 22:21:35,info,ConnectToService,Autodiscover Complete
2016-01-07 22:21:35,info,Authenticate,Attempting to connect to EWS...
2016-01-07 22:21:39,info,Authenticate,ServiceResponseException - credentials validated
2016-01-07 22:21:59,info,ConnectToService,Using existing URL: https://outlook.office365.com/EWS/Exchange.asmx
2016-01-07 22:21:59,info,Authenticate,Attempting to connect to EWS...
2016-01-07 22:22:03,info,Authenticate,ServiceResponseException - credentials validated
2016-01-07 22:22:25,info,ConnectToService,Using Autodiscover to find EWS URL for evanba@microsoft.com. Please wait... 
2016-01-07 22:23:34,info,ConnectToService,Found the URL: https://outlook.office365.com/EWS/Exchange.asmx
2016-01-07 22:23:34,info,ConnectToService,Autodiscover Complete
2016-01-07 22:23:34,info,Authenticate,Attempting to connect to EWS...
2016-01-07 22:23:37,info,Authenticate,ServiceResponseException - credentials validated
2016-01-16 10:03:32,info,ConnectToService,Using Autodiscover to find EWS URL for evanba@microsoft.com. Please wait... 
2016-01-16 10:04:17,info,ConnectToService,Found the URL: https://outlook.office365.com/EWS/Exchange.asmx
2016-01-16 10:04:17,info,ConnectToService,Autodiscover Complete
2016-07-16 13:16:02,info,ConnectToService,Using Autodiscover to find EWS URL for evanba@microsoft.com. Please wait... 
2016-07-16 13:16:53,info,ConnectToService,Found the URL: https://outlook.office365.com/EWS/Exchange.asmx
2016-07-16 13:16:53,info,ConnectToService,Autodiscover Complete
2016-07-16 13:17:00,info,Authenticate,Attempting to connect to EWS...
2016-07-16 13:17:39,info,Authenticate,ServiceResponseException - credentials validated
